<?xml version="1.0" encoding="UTF-8"?>
<!-- Generated by org.testng.reporters.JUnitReportReporter -->
<testsuite hostname="TYC112177SindhuRM" failures="0" tests="1" name="automationScripts.TC_001ComputersTest" time="22.389" errors="0" timestamp="2022-03-04T06:56:26 IST" skipped="0">
  <testcase classname="automationScripts.TC_001ComputersTest" name="desktops" time="22.389"/>
  <system-out/>
</testsuite> <!-- automationScripts.TC_001ComputersTest -->
