<?xml version="1.0" encoding="UTF-8"?>
<!-- Generated by org.testng.reporters.JUnitReportReporter -->
<testsuite hostname="TYC112177SindhuRM" failures="0" tests="1" name="automationScripts.TC_002ComputersTest" time="22.710" errors="0" timestamp="2022-03-04T06:57:05 IST" skipped="0">
  <testcase classname="automationScripts.TC_002ComputersTest" name="notebooks" time="22.710"/>
  <system-out/>
</testsuite> <!-- automationScripts.TC_002ComputersTest -->
