<?xml version="1.0" encoding="UTF-8"?>
<!-- Generated by org.testng.reporters.JUnitReportReporter -->
<testsuite hostname="TYC112177SindhuRM" failures="0" tests="1" name="automationScripts.TC_001ComputersTest" time="18.521" errors="0" timestamp="2022-03-04T08:03:50 IST" skipped="0">
  <testcase classname="automationScripts.TC_001ComputersTest" name="desktops" time="18.521"/>
  <system-out>
Desktops page is displayed  </system-out>
</testsuite> <!-- automationScripts.TC_001ComputersTest -->
