<?xml version="1.0" encoding="UTF-8"?>
<!-- Generated by org.testng.reporters.JUnitReportReporter -->
<testsuite hostname="TYC112177SindhuRM" failures="0" tests="1" name="automationScripts.TC_003ComputersTest" time="22.943" errors="0" timestamp="2022-03-04T06:57:43 IST" skipped="0">
  <testcase classname="automationScripts.TC_003ComputersTest" name="accessories" time="22.943"/>
  <system-out/>
</testsuite> <!-- automationScripts.TC_003ComputersTest -->
